SF:lib\src\data\datasources\llm_remote_datasource_impl.dart
DA:11,0
DA:13,1
DA:17,1
DA:21,1
DA:22,1
DA:23,1
DA:24,1
DA:35,2
DA:37,1
DA:38,2
DA:41,1
DA:44,2
DA:45,3
DA:47,1
DA:48,2
LF:15
LH:14
end_of_record
SF:lib\src\data\dtos\llm_remote_dto.dart
DA:172,2
DA:174,1
DA:175,1
DA:176,3
DA:177,1
DA:179,1
DA:184,0
DA:186,0
DA:190,2
DA:192,1
DA:193,1
DA:194,2
DA:202,2
DA:204,1
DA:205,2
LF:15
LH:13
end_of_record
SF:lib\src\data\repositories\llm_remote_repository.dart
DA:7,1
DA:12,1
DA:15,1
DA:16,1
DA:18,1
LF:5
LH:5
end_of_record
SF:lib\src\domain\choice.dart
DA:4,2
LF:1
LH:1
end_of_record
SF:lib\src\domain\llm_remote.dart
DA:5,2
DA:9,4
DA:11,3
LF:3
LH:3
end_of_record
SF:lib\src\domain\message.dart
DA:2,2
LF:1
LH:1
end_of_record
SF:lib\src\data\dtos\mappers\choice_mapper.dart
DA:7,4
LF:1
LH:1
end_of_record
SF:lib\src\data\dtos\mappers\message_mapper.dart
DA:5,3
LF:1
LH:1
end_of_record
SF:lib\src\data\dtos\mappers\llm_remote_mapper.dart
DA:7,1
DA:8,6
LF:2
LH:2
end_of_record
SF:lib\src\domain\task.dart
DA:5,2
DA:23,2
DA:32,2
DA:33,2
DA:34,2
DA:35,1
DA:36,2
DA:37,1
DA:38,2
DA:39,2
DA:43,0
DA:45,0
LF:12
LH:10
end_of_record
SF:lib\src\presentation\controllers\home_controllers\task_list_controller.dart
DA:10,2
DA:12,2
DA:15,2
DA:16,8
DA:19,2
DA:20,14
DA:23,1
DA:24,4
DA:25,3
DA:26,1
DA:29,2
DA:30,4
DA:33,2
DA:34,8
DA:35,4
DA:36,2
DA:37,2
DA:38,2
DA:43,2
LF:19
LH:19
end_of_record
SF:lib\src\presentation\controllers\home_controllers\task_list_controller.g.dart
DA:9,2
DA:14,4
DA:15,2
LF:3
LH:3
end_of_record
SF:lib\src\presentation\controllers\task_controllers\description_controller.dart
DA:7,1
DA:12,1
DA:13,1
LF:3
LH:3
end_of_record
SF:lib\src\presentation\controllers\task_controllers\description_controller.g.dart
DA:9,1
DA:14,2
DA:15,1
LF:3
LH:3
end_of_record
SF:lib\src\presentation\controllers\task_controllers\llm_remote_description_controller.dart
DA:12,1
DA:17,1
DA:18,1
DA:21,2
DA:22,1
DA:26,1
DA:28,1
DA:29,3
DA:30,2
DA:32,3
DA:34,2
LF:11
LH:11
end_of_record
SF:lib\src\presentation\controllers\task_controllers\llm_remote_description_controller.g.dart
DA:9,1
DA:14,2
DA:15,1
LF:3
LH:3
end_of_record
SF:lib\src\presentation\providers.g.dart
DA:9,0
DA:14,0
DA:15,0
DA:28,0
DA:33,2
DA:34,1
LF:6
LH:2
end_of_record
SF:lib\src\presentation\providers.dart
DA:10,0
DA:11,0
DA:13,0
DA:15,0
DA:16,0
DA:19,0
LF:6
LH:0
end_of_record
SF:lib\src\presentation\views\home\home_screen.dart
DA:18,1
DA:20,1
DA:22,1
DA:23,3
DA:26,1
DA:27,4
DA:30,1
DA:31,4
DA:34,1
DA:35,1
DA:37,1
DA:38,1
DA:44,1
DA:45,4
DA:49,1
DA:50,1
DA:52,1
DA:54,1
DA:56,1
DA:59,1
DA:62,1
DA:67,1
DA:68,1
DA:69,1
DA:70,1
DA:71,1
DA:72,1
DA:73,1
DA:82,1
DA:83,1
DA:84,1
DA:85,2
DA:87,2
DA:89,1
DA:97,1
DA:100,1
DA:101,2
DA:111,1
DA:115,1
DA:117,1
DA:119,3
DA:120,1
DA:121,1
DA:122,1
DA:126,1
DA:128,1
DA:131,1
DA:132,3
DA:133,3
DA:134,1
DA:135,0
DA:136,1
DA:138,1
DA:139,2
DA:140,1
DA:142,1
DA:143,1
DA:144,1
DA:145,1
DA:151,1
DA:152,1
DA:153,5
DA:155,1
DA:156,1
DA:158,1
DA:159,1
DA:160,2
DA:161,4
DA:163,2
DA:164,2
DA:170,1
DA:171,2
DA:172,4
DA:173,2
DA:174,1
DA:175,1
DA:176,2
DA:184,1
DA:187,1
DA:188,3
DA:189,3
DA:192,4
DA:193,1
DA:194,2
DA:195,2
DA:199,1
DA:200,3
DA:202,4
DA:203,2
DA:204,1
DA:205,1
DA:220,1
DA:225,1
DA:227,1
DA:228,1
DA:229,3
DA:230,2
DA:231,1
DA:234,1
DA:236,1
DA:237,1
DA:238,2
DA:242,1
DA:251,1
DA:255,1
DA:257,1
DA:258,1
DA:259,1
DA:260,0
DA:261,0
DA:262,0
DA:265,1
DA:267,1
DA:269,1
DA:271,1
DA:272,2
DA:284,1
DA:292,1
DA:294,1
DA:296,1
DA:297,1
DA:300,1
DA:301,1
DA:302,1
DA:305,1
DA:306,1
DA:307,1
DA:308,4
DA:309,1
DA:310,1
DA:311,1
LF:131
LH:127
end_of_record
SF:lib\src\presentation\widgets\adaptive\adaptive_button.dart
DA:14,1
DA:24,1
DA:26,1
DA:27,0
DA:28,0
DA:29,0
DA:30,0
DA:31,0
DA:32,0
DA:35,1
DA:36,1
DA:37,1
DA:38,1
DA:39,1
DA:40,1
DA:41,2
DA:44,1
LF:17
LH:11
end_of_record
SF:lib\src\core\platform\platform_utils.dart
DA:6,1
DA:7,3
DA:10,0
DA:11,0
DA:14,0
DA:17,0
LF:6
LH:2
end_of_record
SF:lib\src\domain\task_stats.dart
DA:2,1
LF:1
LH:1
end_of_record
SF:lib\src\presentation\controllers\home_controllers\task_stats_controller.dart
DA:11,1
DA:13,3
DA:15,4
DA:16,2
DA:18,1
LF:5
LH:5
end_of_record
SF:lib\src\presentation\controllers\home_controllers\task_stats_controller.g.dart
DA:9,1
DA:14,2
DA:15,1
LF:3
LH:3
end_of_record
SF:lib\src\presentation\widgets\adaptive\adaptive_app_bar.dart
DA:12,1
DA:21,1
DA:23,1
DA:24,0
DA:25,0
DA:26,0
DA:27,0
DA:28,0
DA:30,0
DA:33,0
DA:34,0
DA:37,1
DA:38,2
DA:39,1
DA:40,1
DA:41,1
DA:42,1
DA:46,1
LF:18
LH:10
end_of_record
SF:lib\src\presentation\widgets\adaptive\adaptive_scaffold.dart
DA:15,1
DA:26,1
DA:28,1
DA:29,0
DA:31,0
DA:32,0
DA:33,0
DA:36,1
DA:37,1
DA:38,1
DA:39,1
DA:40,1
DA:41,1
DA:42,1
LF:14
LH:10
end_of_record
SF:lib\src\presentation\widgets\header_section.dart
DA:4,1
DA:9,1
DA:11,1
DA:12,1
DA:13,1
DA:15,1
DA:17,1
DA:18,1
DA:19,1
DA:20,4
DA:26,1
DA:27,1
DA:28,1
DA:30,4
LF:14
LH:14
end_of_record
